<?xml version="1.0" encoding="UTF-8"?>
<testsuite name="example.micronaut.LoginTest" tests="1" skipped="0" failures="0" errors="0" timestamp="2022-12-13T11:18:07" hostname="ig11.local" time="0.449">
  <properties/>
  <testcase name="loginIsPossible()" classname="example.micronaut.LoginTest" time="0.449"/>
  <system-out><![CDATA[?[36m12:18:06.032?[0;39m ?[1;30m[Test worker]?[0;39m ?[34mINFO ?[0;39m ?[35mi.m.context.env.DefaultEnvironment?[0;39m - Established active environments: [test]
?[36m12:18:07.069?[0;39m ?[1;30m[Test worker]?[0;39m ?[34mINFO ?[0;39m ?[35mcom.zaxxer.hikari.HikariDataSource?[0;39m - HikariPool-1 - Starting...
?[36m12:18:07.307?[0;39m ?[1;30m[Test worker]?[0;39m ?[34mINFO ?[0;39m ?[35mcom.zaxxer.hikari.HikariDataSource?[0;39m - HikariPool-1 - Start completed.
?[36m12:18:07.321?[0;39m ?[1;30m[Test worker]?[0;39m ?[39mDEBUG?[0;39m ?[35mio.micronaut.data.query?[0;39m - Dropping Table: 
DROP TABLE `user`
?[36m12:18:07.345?[0;39m ?[1;30m[Test worker]?[0;39m ?[39mDEBUG?[0;39m ?[35mio.micronaut.data.query?[0;39m - Dropping Table: 
DROP TABLE `role`
?[36m12:18:07.363?[0;39m ?[1;30m[Test worker]?[0;39m ?[39mDEBUG?[0;39m ?[35mio.micronaut.data.query?[0;39m - Dropping Table: 
DROP TABLE `user_role`
?[36m12:18:07.383?[0;39m ?[1;30m[Test worker]?[0;39m ?[39mDEBUG?[0;39m ?[35mio.micronaut.data.query?[0;39m - Executing CREATE statement: 
CREATE TABLE `user` (`id` VARCHAR(255) NOT NULL,`email` VARCHAR(255) NOT NULL,`username` VARCHAR(255) NOT NULL,`password` VARCHAR(255) NOT NULL,`enabled` BOOLEAN NOT NULL,`account_expired` BOOLEAN NOT NULL,`account_locked` BOOLEAN NOT NULL,`password_expired` BOOLEAN NOT NULL);
?[36m12:18:07.412?[0;39m ?[1;30m[Test worker]?[0;39m ?[39mDEBUG?[0;39m ?[35mio.micronaut.data.query?[0;39m - Executing CREATE statement: 
CREATE TABLE `role` (`id` VARCHAR(255) NOT NULL,`authority` VARCHAR(255) NOT NULL);
?[36m12:18:07.436?[0;39m ?[1;30m[Test worker]?[0;39m ?[39mDEBUG?[0;39m ?[35mio.micronaut.data.query?[0;39m - Executing CREATE statement: 
CREATE TABLE `user_role` (`id_user_id` VARCHAR(255) NOT NULL,`id_role_id` VARCHAR(255) NOT NULL, PRIMARY KEY(`id_user_id`,`id_role_id`));
?[36m12:18:07.622?[0;39m ?[1;30m[Test worker]?[0;39m ?[39mDEBUG?[0;39m ?[35mio.micronaut.data.query?[0;39m - Executing Query: SELECT COUNT(*) FROM `user` user_entity_ WHERE (user_entity_.`email` = ?)
?[36m12:18:07.623?[0;39m ?[1;30m[Test worker]?[0;39m ?[39mTRACE?[0;39m ?[35mio.micronaut.data.query?[0;39m - Binding parameter at position 1 to value johnsnow@micronaut.example with data type: STRING
?[36m12:18:07.731?[0;39m ?[1;30m[Test worker]?[0;39m ?[39mDEBUG?[0;39m ?[35mio.micronaut.data.query?[0;39m - Executing SQL query: INSERT INTO `user` (`email`,`username`,`password`,`enabled`,`account_expired`,`account_locked`,`password_expired`,`id`) VALUES (?,?,?,?,?,?,?,?)
?[36m12:18:07.732?[0;39m ?[1;30m[Test worker]?[0;39m ?[39mTRACE?[0;39m ?[35mio.micronaut.data.query?[0;39m - Binding parameter at position 1 to value johnsnow@micronaut.example with data type: STRING
?[36m12:18:07.732?[0;39m ?[1;30m[Test worker]?[0;39m ?[39mTRACE?[0;39m ?[35mio.micronaut.data.query?[0;39m - Binding parameter at position 2 to value johnsnow@micronaut.example with data type: STRING
?[36m12:18:07.732?[0;39m ?[1;30m[Test worker]?[0;39m ?[39mTRACE?[0;39m ?[35mio.micronaut.data.query?[0;39m - Binding parameter at position 3 to value $2a$10$VXdkae.W3bE2DKMS.PoUqOo9M//B3l04IBZM5eMDnVoR7q74QqK0e with data type: STRING
?[36m12:18:07.732?[0;39m ?[1;30m[Test worker]?[0;39m ?[39mTRACE?[0;39m ?[35mio.micronaut.data.query?[0;39m - Binding parameter at position 4 to value true with data type: BOOLEAN
?[36m12:18:07.732?[0;39m ?[1;30m[Test worker]?[0;39m ?[39mTRACE?[0;39m ?[35mio.micronaut.data.query?[0;39m - Binding parameter at position 5 to value false with data type: BOOLEAN
?[36m12:18:07.732?[0;39m ?[1;30m[Test worker]?[0;39m ?[39mTRACE?[0;39m ?[35mio.micronaut.data.query?[0;39m - Binding parameter at position 6 to value false with data type: BOOLEAN
?[36m12:18:07.732?[0;39m ?[1;30m[Test worker]?[0;39m ?[39mTRACE?[0;39m ?[35mio.micronaut.data.query?[0;39m - Binding parameter at position 7 to value false with data type: BOOLEAN
?[36m12:18:07.732?[0;39m ?[1;30m[Test worker]?[0;39m ?[39mTRACE?[0;39m ?[35mio.micronaut.data.query?[0;39m - Binding parameter at position 8 to value ECYRb2yULoBRQhzCCNcofDABtqI with data type: STRING
?[36m12:18:07.747?[0;39m ?[1;30m[Test worker]?[0;39m ?[39mDEBUG?[0;39m ?[35mio.micronaut.data.query?[0;39m - Executing Query: SELECT COUNT(*) FROM `role` role_entity_ WHERE (role_entity_.`authority` = ?)
?[36m12:18:07.747?[0;39m ?[1;30m[Test worker]?[0;39m ?[39mTRACE?[0;39m ?[35mio.micronaut.data.query?[0;39m - Binding parameter at position 1 to value ROLE_USER with data type: STRING
?[36m12:18:07.759?[0;39m ?[1;30m[Test worker]?[0;39m ?[39mDEBUG?[0;39m ?[35mio.micronaut.data.query?[0;39m - Executing SQL query: INSERT INTO `role` (`authority`,`id`) VALUES (?,?)
?[36m12:18:07.759?[0;39m ?[1;30m[Test worker]?[0;39m ?[39mTRACE?[0;39m ?[35mio.micronaut.data.query?[0;39m - Binding parameter at position 1 to value ROLE_USER with data type: STRING
?[36m12:18:07.759?[0;39m ?[1;30m[Test worker]?[0;39m ?[39mTRACE?[0;39m ?[35mio.micronaut.data.query?[0;39m - Binding parameter at position 2 to value ECYRbyJSvYh4zLANFBziAhFeiMc with data type: STRING
?[36m12:18:07.773?[0;39m ?[1;30m[Test worker]?[0;39m ?[39mDEBUG?[0;39m ?[35mio.micronaut.data.query?[0;39m - Executing Query: SELECT role_entity_.`id`,role_entity_.`authority` FROM `role` role_entity_ WHERE (role_entity_.`authority` = ?)
?[36m12:18:07.774?[0;39m ?[1;30m[Test worker]?[0;39m ?[39mTRACE?[0;39m ?[35mio.micronaut.data.query?[0;39m - Binding parameter at position 1 to value ROLE_USER with data type: STRING
?[36m12:18:07.789?[0;39m ?[1;30m[Test worker]?[0;39m ?[39mDEBUG?[0;39m ?[35mio.micronaut.data.query?[0;39m - Executing Query: SELECT user_entity_.`id`,user_entity_.`email`,user_entity_.`username`,user_entity_.`password`,user_entity_.`enabled`,user_entity_.`account_expired`,user_entity_.`account_locked`,user_entity_.`password_expired` FROM `user` user_entity_ WHERE (user_entity_.`id` = ?)
?[36m12:18:07.789?[0;39m ?[1;30m[Test worker]?[0;39m ?[39mTRACE?[0;39m ?[35mio.micronaut.data.query?[0;39m - Binding parameter at position 1 to value ECYRb2yULoBRQhzCCNcofDABtqI with data type: STRING
?[36m12:18:07.799?[0;39m ?[1;30m[Test worker]?[0;39m ?[39mDEBUG?[0;39m ?[35mio.micronaut.data.query?[0;39m - Executing SQL query: INSERT INTO `user_role` (`id_user_id`,`id_role_id`) VALUES (?,?)
?[36m12:18:07.800?[0;39m ?[1;30m[Test worker]?[0;39m ?[39mTRACE?[0;39m ?[35mio.micronaut.data.query?[0;39m - Binding parameter at position 1 to value ECYRb2yULoBRQhzCCNcofDABtqI with data type: STRING
?[36m12:18:07.800?[0;39m ?[1;30m[Test worker]?[0;39m ?[39mTRACE?[0;39m ?[35mio.micronaut.data.query?[0;39m - Binding parameter at position 2 to value ECYRbyJSvYh4zLANFBziAhFeiMc with data type: STRING
?[36m12:18:07.990?[0;39m ?[1;30m[Test worker]?[0;39m ?[39mDEBUG?[0;39m ?[35mio.micronaut.data.query?[0;39m - Executing Query: SELECT COUNT(*) FROM `user` user_entity_ WHERE (user_entity_.`email` = ?)
?[36m12:18:07.991?[0;39m ?[1;30m[Test worker]?[0;39m ?[39mTRACE?[0;39m ?[35mio.micronaut.data.query?[0;39m - Binding parameter at position 1 to value johnsnow@micronaut.example with data type: STRING
?[36m12:18:08.169?[0;39m ?[1;30m[default-nioEventLoopGroup-4-5]?[0;39m ?[39mDEBUG?[0;39m ?[35mio.micronaut.data.query?[0;39m - Executing Query: SELECT user_entity_.`id`,user_entity_.`email`,user_entity_.`username`,user_entity_.`password`,user_entity_.`enabled`,user_entity_.`account_expired`,user_entity_.`account_locked`,user_entity_.`password_expired` FROM `user` user_entity_ WHERE (user_entity_.`email` = ?)
?[36m12:18:08.170?[0;39m ?[1;30m[default-nioEventLoopGroup-4-5]?[0;39m ?[39mTRACE?[0;39m ?[35mio.micronaut.data.query?[0;39m - Binding parameter at position 1 to value johnsnow@micronaut.example with data type: STRING
?[36m12:18:08.244?[0;39m ?[1;30m[default-nioEventLoopGroup-4-5]?[0;39m ?[39mDEBUG?[0;39m ?[35mio.micronaut.data.query?[0;39m - Executing Query: select role.authority from user_role inner join role on role.id = user_role.id_role_id inner join user on user.id = user_role.id_user_id where user.email = ?
?[36m12:18:08.244?[0;39m ?[1;30m[default-nioEventLoopGroup-4-5]?[0;39m ?[39mTRACE?[0;39m ?[35mio.micronaut.data.query?[0;39m - Binding parameter at position 1 to value johnsnow@micronaut.example with data type: STRING
?[36m12:18:08.256?[0;39m ?[1;30m[default-nioEventLoopGroup-4-5]?[0;39m ?[34mINFO ?[0;39m ?[35me.m.security.KsuidJwtIdGenerator?[0;39m - ID ECYRcEaCr2U6ttCCrXn4IicPRMs
?[36m12:18:08.354?[0;39m ?[1;30m[Test worker]?[0;39m ?[39mDEBUG?[0;39m ?[35mio.micronaut.data.query?[0;39m - Executing Query: DELETE  FROM `user_role` 
?[36m12:18:08.356?[0;39m ?[1;30m[Test worker]?[0;39m ?[39mTRACE?[0;39m ?[35mio.micronaut.data.query?[0;39m - Update operation updated 1 records
?[36m12:18:08.357?[0;39m ?[1;30m[Test worker]?[0;39m ?[39mDEBUG?[0;39m ?[35mio.micronaut.data.query?[0;39m - Executing Query: DELETE  FROM `role` 
?[36m12:18:08.359?[0;39m ?[1;30m[Test worker]?[0;39m ?[39mTRACE?[0;39m ?[35mio.micronaut.data.query?[0;39m - Update operation updated 1 records
?[36m12:18:08.360?[0;39m ?[1;30m[Test worker]?[0;39m ?[39mDEBUG?[0;39m ?[35mio.micronaut.data.query?[0;39m - Executing Query: DELETE  FROM `user` 
?[36m12:18:08.362?[0;39m ?[1;30m[Test worker]?[0;39m ?[39mTRACE?[0;39m ?[35mio.micronaut.data.query?[0;39m - Update operation updated 1 records
?[36m12:18:08.399?[0;39m ?[1;30m[Test worker]?[0;39m ?[34mINFO ?[0;39m ?[35mcom.zaxxer.hikari.HikariDataSource?[0;39m - HikariPool-1 - Shutdown initiated...
?[36m12:18:08.423?[0;39m ?[1;30m[Test worker]?[0;39m ?[34mINFO ?[0;39m ?[35mcom.zaxxer.hikari.HikariDataSource?[0;39m - HikariPool-1 - Shutdown completed.
]]></system-out>
  <system-err><![CDATA[]]></system-err>
</testsuite>
