<?xml version="1.0" encoding="UTF-8"?>
<testsuite name="example.micronaut.MicronautDatabaseAuthenticationTest" tests="1" skipped="0" failures="0" errors="0" timestamp="2022-12-13T11:18:08" hostname="ig11.local" time="0.008">
  <properties/>
  <testcase name="testItWorks()" classname="example.micronaut.MicronautDatabaseAuthenticationTest" time="0.008"/>
  <system-out><![CDATA[?[36m12:18:08.440?[0;39m ?[1;30m[Test worker]?[0;39m ?[34mINFO ?[0;39m ?[35mi.m.context.env.DefaultEnvironment?[0;39m - Established active environments: [test]
?[36m12:18:08.571?[0;39m ?[1;30m[Test worker]?[0;39m ?[34mINFO ?[0;39m ?[35mcom.zaxxer.hikari.HikariDataSource?[0;39m - HikariPool-2 - Starting...
?[36m12:18:08.591?[0;39m ?[1;30m[Test worker]?[0;39m ?[34mINFO ?[0;39m ?[35mcom.zaxxer.hikari.HikariDataSource?[0;39m - HikariPool-2 - Start completed.
?[36m12:18:08.592?[0;39m ?[1;30m[Test worker]?[0;39m ?[39mDEBUG?[0;39m ?[35mio.micronaut.data.query?[0;39m - Dropping Table: 
DROP TABLE `user`
?[36m12:18:08.608?[0;39m ?[1;30m[Test worker]?[0;39m ?[39mDEBUG?[0;39m ?[35mio.micronaut.data.query?[0;39m - Dropping Table: 
DROP TABLE `role`
?[36m12:18:08.624?[0;39m ?[1;30m[Test worker]?[0;39m ?[39mDEBUG?[0;39m ?[35mio.micronaut.data.query?[0;39m - Dropping Table: 
DROP TABLE `user_role`
?[36m12:18:08.639?[0;39m ?[1;30m[Test worker]?[0;39m ?[39mDEBUG?[0;39m ?[35mio.micronaut.data.query?[0;39m - Executing CREATE statement: 
CREATE TABLE `user` (`id` VARCHAR(255) NOT NULL,`email` VARCHAR(255) NOT NULL,`username` VARCHAR(255) NOT NULL,`password` VARCHAR(255) NOT NULL,`enabled` BOOLEAN NOT NULL,`account_expired` BOOLEAN NOT NULL,`account_locked` BOOLEAN NOT NULL,`password_expired` BOOLEAN NOT NULL);
?[36m12:18:08.664?[0;39m ?[1;30m[Test worker]?[0;39m ?[39mDEBUG?[0;39m ?[35mio.micronaut.data.query?[0;39m - Executing CREATE statement: 
CREATE TABLE `role` (`id` VARCHAR(255) NOT NULL,`authority` VARCHAR(255) NOT NULL);
?[36m12:18:08.688?[0;39m ?[1;30m[Test worker]?[0;39m ?[39mDEBUG?[0;39m ?[35mio.micronaut.data.query?[0;39m - Executing CREATE statement: 
CREATE TABLE `user_role` (`id_user_id` VARCHAR(255) NOT NULL,`id_role_id` VARCHAR(255) NOT NULL, PRIMARY KEY(`id_user_id`,`id_role_id`));
?[36m12:18:08.736?[0;39m ?[1;30m[Test worker]?[0;39m ?[39mDEBUG?[0;39m ?[35mio.micronaut.data.query?[0;39m - Executing Query: SELECT COUNT(*) FROM `user` user_entity_ WHERE (user_entity_.`email` = ?)
?[36m12:18:08.736?[0;39m ?[1;30m[Test worker]?[0;39m ?[39mTRACE?[0;39m ?[35mio.micronaut.data.query?[0;39m - Binding parameter at position 1 to value johnsnow@micronaut.example with data type: STRING
?[36m12:18:08.812?[0;39m ?[1;30m[Test worker]?[0;39m ?[39mDEBUG?[0;39m ?[35mio.micronaut.data.query?[0;39m - Executing SQL query: INSERT INTO `user` (`email`,`username`,`password`,`enabled`,`account_expired`,`account_locked`,`password_expired`,`id`) VALUES (?,?,?,?,?,?,?,?)
?[36m12:18:08.812?[0;39m ?[1;30m[Test worker]?[0;39m ?[39mTRACE?[0;39m ?[35mio.micronaut.data.query?[0;39m - Binding parameter at position 1 to value johnsnow@micronaut.example with data type: STRING
?[36m12:18:08.812?[0;39m ?[1;30m[Test worker]?[0;39m ?[39mTRACE?[0;39m ?[35mio.micronaut.data.query?[0;39m - Binding parameter at position 2 to value johnsnow@micronaut.example with data type: STRING
?[36m12:18:08.812?[0;39m ?[1;30m[Test worker]?[0;39m ?[39mTRACE?[0;39m ?[35mio.micronaut.data.query?[0;39m - Binding parameter at position 3 to value $2a$10$WaSpDiE7v/eHLuxYJ5S98O50KPLVKZpwbqEwYePmpdLHUuryOhMc2 with data type: STRING
?[36m12:18:08.812?[0;39m ?[1;30m[Test worker]?[0;39m ?[39mTRACE?[0;39m ?[35mio.micronaut.data.query?[0;39m - Binding parameter at position 4 to value true with data type: BOOLEAN
?[36m12:18:08.812?[0;39m ?[1;30m[Test worker]?[0;39m ?[39mTRACE?[0;39m ?[35mio.micronaut.data.query?[0;39m - Binding parameter at position 5 to value false with data type: BOOLEAN
?[36m12:18:08.812?[0;39m ?[1;30m[Test worker]?[0;39m ?[39mTRACE?[0;39m ?[35mio.micronaut.data.query?[0;39m - Binding parameter at position 6 to value false with data type: BOOLEAN
?[36m12:18:08.813?[0;39m ?[1;30m[Test worker]?[0;39m ?[39mTRACE?[0;39m ?[35mio.micronaut.data.query?[0;39m - Binding parameter at position 7 to value false with data type: BOOLEAN
?[36m12:18:08.813?[0;39m ?[1;30m[Test worker]?[0;39m ?[39mTRACE?[0;39m ?[35mio.micronaut.data.query?[0;39m - Binding parameter at position 8 to value ECYRcMyKeux46SUPPzju9AQpicV with data type: STRING
?[36m12:18:08.824?[0;39m ?[1;30m[Test worker]?[0;39m ?[39mDEBUG?[0;39m ?[35mio.micronaut.data.query?[0;39m - Executing Query: SELECT COUNT(*) FROM `role` role_entity_ WHERE (role_entity_.`authority` = ?)
?[36m12:18:08.825?[0;39m ?[1;30m[Test worker]?[0;39m ?[39mTRACE?[0;39m ?[35mio.micronaut.data.query?[0;39m - Binding parameter at position 1 to value ROLE_USER with data type: STRING
?[36m12:18:08.834?[0;39m ?[1;30m[Test worker]?[0;39m ?[39mDEBUG?[0;39m ?[35mio.micronaut.data.query?[0;39m - Executing SQL query: INSERT INTO `role` (`authority`,`id`) VALUES (?,?)
?[36m12:18:08.835?[0;39m ?[1;30m[Test worker]?[0;39m ?[39mTRACE?[0;39m ?[35mio.micronaut.data.query?[0;39m - Binding parameter at position 1 to value ROLE_USER with data type: STRING
?[36m12:18:08.835?[0;39m ?[1;30m[Test worker]?[0;39m ?[39mTRACE?[0;39m ?[35mio.micronaut.data.query?[0;39m - Binding parameter at position 2 to value ECYRcGXuCA9B9CJuE1SGwDch819 with data type: STRING
?[36m12:18:08.847?[0;39m ?[1;30m[Test worker]?[0;39m ?[39mDEBUG?[0;39m ?[35mio.micronaut.data.query?[0;39m - Executing Query: SELECT role_entity_.`id`,role_entity_.`authority` FROM `role` role_entity_ WHERE (role_entity_.`authority` = ?)
?[36m12:18:08.847?[0;39m ?[1;30m[Test worker]?[0;39m ?[39mTRACE?[0;39m ?[35mio.micronaut.data.query?[0;39m - Binding parameter at position 1 to value ROLE_USER with data type: STRING
?[36m12:18:08.857?[0;39m ?[1;30m[Test worker]?[0;39m ?[39mDEBUG?[0;39m ?[35mio.micronaut.data.query?[0;39m - Executing Query: SELECT user_entity_.`id`,user_entity_.`email`,user_entity_.`username`,user_entity_.`password`,user_entity_.`enabled`,user_entity_.`account_expired`,user_entity_.`account_locked`,user_entity_.`password_expired` FROM `user` user_entity_ WHERE (user_entity_.`id` = ?)
?[36m12:18:08.857?[0;39m ?[1;30m[Test worker]?[0;39m ?[39mTRACE?[0;39m ?[35mio.micronaut.data.query?[0;39m - Binding parameter at position 1 to value ECYRcMyKeux46SUPPzju9AQpicV with data type: STRING
?[36m12:18:08.866?[0;39m ?[1;30m[Test worker]?[0;39m ?[39mDEBUG?[0;39m ?[35mio.micronaut.data.query?[0;39m - Executing SQL query: INSERT INTO `user_role` (`id_user_id`,`id_role_id`) VALUES (?,?)
?[36m12:18:08.867?[0;39m ?[1;30m[Test worker]?[0;39m ?[39mTRACE?[0;39m ?[35mio.micronaut.data.query?[0;39m - Binding parameter at position 1 to value ECYRcMyKeux46SUPPzju9AQpicV with data type: STRING
?[36m12:18:08.867?[0;39m ?[1;30m[Test worker]?[0;39m ?[39mTRACE?[0;39m ?[35mio.micronaut.data.query?[0;39m - Binding parameter at position 2 to value ECYRcGXuCA9B9CJuE1SGwDch819 with data type: STRING
?[36m12:18:08.913?[0;39m ?[1;30m[Test worker]?[0;39m ?[34mINFO ?[0;39m ?[35mcom.zaxxer.hikari.HikariDataSource?[0;39m - HikariPool-2 - Shutdown initiated...
?[36m12:18:08.947?[0;39m ?[1;30m[Test worker]?[0;39m ?[34mINFO ?[0;39m ?[35mcom.zaxxer.hikari.HikariDataSource?[0;39m - HikariPool-2 - Shutdown completed.
]]></system-out>
  <system-err><![CDATA[]]></system-err>
</testsuite>
